SF:lib/components/model/animation_arguments.dart
DA:6,3
DA:13,6
LF:2
LH:2
end_of_record
SF:lib/components/model/enum/animations.dart
DA:9,2
DA:15,2
DA:16,1
DA:17,1
DA:20,2
DA:21,2
DA:22,2
DA:23,2
DA:25,2
LF:9
LH:9
end_of_record
SF:lib/components/widgets/animation/directional_animation.dart
DA:6,3
DA:18,2
DA:19,2
DA:28,2
DA:30,2
DA:32,2
DA:37,2
DA:38,2
DA:39,4
DA:43,2
DA:44,8
DA:45,2
DA:46,12
DA:49,1
DA:50,2
DA:53,2
DA:55,4
DA:56,2
DA:57,4
DA:58,2
DA:61,2
DA:62,2
DA:63,2
DA:64,4
LF:24
LH:24
end_of_record
SF:lib/components/widgets/animation/fade_animation.dart
DA:5,3
DA:13,2
DA:14,2
DA:21,2
DA:23,2
DA:25,2
DA:29,2
DA:30,12
DA:33,1
DA:34,2
DA:37,2
DA:39,4
DA:40,2
DA:41,4
DA:42,2
DA:45,2
DA:46,2
DA:47,2
DA:48,4
LF:19
LH:19
end_of_record
SF:lib/components/widgets/arrow/arrow.dart
DA:4,1
DA:15,1
DA:17,1
DA:18,1
DA:19,1
DA:20,2
DA:21,2
DA:22,1
DA:24,1
DA:25,2
DA:29,1
DA:30,1
DA:31,1
DA:32,1
DA:33,1
DA:34,2
LF:16
LH:16
end_of_record
SF:lib/components/widgets/arrow/curvy_arrow.dart
DA:5,1
DA:15,1
DA:16,1
DA:20,1
DA:21,1
DA:22,1
DA:23,5
DA:24,3
DA:30,1
DA:33,1
DA:35,1
DA:36,1
DA:37,1
DA:38,1
DA:39,1
DA:42,1
DA:43,3
DA:44,5
DA:46,1
DA:47,2
DA:50,2
DA:54,1
DA:56,3
LF:23
LH:23
end_of_record
SF:lib/components/widgets/layout/layout_body.dart
DA:5,1
DA:9,1
DA:14,1
DA:16,1
DA:17,1
DA:18,1
LF:6
LH:6
end_of_record
SF:lib/components/widgets/layout/layout_footer.dart
DA:5,1
DA:9,1
DA:14,1
DA:16,1
DA:17,1
DA:18,1
LF:6
LH:6
end_of_record
SF:lib/components/widgets/layout/layout_header.dart
DA:5,1
DA:9,1
DA:14,1
DA:16,1
DA:17,1
DA:18,1
LF:6
LH:6
end_of_record
SF:lib/components/widgets/list/list_text.dart
DA:6,1
DA:25,1
DA:26,1
DA:27,2
DA:28,1
DA:29,1
DA:30,1
DA:32,1
DA:33,1
DA:34,1
DA:35,1
DA:36,3
DA:37,1
DA:38,2
DA:39,1
DA:40,4
DA:41,3
DA:42,1
DA:43,1
DA:45,1
DA:47,1
DA:49,1
DA:50,2
DA:51,1
DA:52,4
DA:53,3
DA:54,1
DA:55,1
DA:62,1
DA:63,1
DA:64,1
DA:65,2
DA:66,1
DA:67,4
DA:68,3
DA:69,1
DA:70,1
LF:37
LH:37
end_of_record
SF:lib/components/widgets/text/gradient_text.dart
DA:4,1
DA:15,1
DA:16,1
DA:18,3
DA:19,3
DA:21,3
LF:6
LH:6
end_of_record
SF:lib/components/widgets/wrapper/animatable_wrapper.dart
DA:6,0
DA:13,0
DA:22,0
DA:24,0
DA:25,0
DA:26,0
DA:28,0
DA:29,0
DA:30,0
DA:31,0
DA:32,0
DA:33,0
DA:34,0
DA:35,0
DA:41,0
DA:45,0
LF:16
LH:0
end_of_record
