SF:lib/components/model/animation_arguments.dart
DA:21,4
DA:28,8
LF:2
LH:2
end_of_record
SF:lib/components/model/enum/animations.dart
DA:34,3
DA:40,3
DA:41,2
DA:42,2
DA:45,2
DA:46,2
DA:47,2
DA:48,2
DA:50,2
LF:9
LH:9
end_of_record
SF:lib/components/widgets/animation/directional_animation.dart
DA:18,3
DA:38,2
DA:39,2
DA:49,2
DA:51,2
DA:53,2
DA:58,2
DA:59,2
DA:60,4
DA:64,2
DA:65,8
DA:66,2
DA:67,12
DA:71,1
DA:72,2
DA:75,2
DA:77,4
DA:78,2
DA:79,4
DA:80,2
DA:83,2
DA:84,2
DA:85,2
DA:86,4
LF:24
LH:24
end_of_record
SF:lib/components/widgets/animation/fade_animation.dart
DA:11,4
DA:23,3
DA:24,3
DA:32,3
DA:34,3
DA:36,3
DA:40,3
DA:41,18
DA:45,1
DA:46,2
DA:49,3
DA:51,6
DA:52,3
DA:53,6
DA:54,3
DA:57,3
DA:58,3
DA:59,3
DA:60,6
LF:19
LH:19
end_of_record
SF:lib/components/model/cubic_bezier.dart
DA:15,16
DA:28,1
DA:50,1
DA:54,1
DA:55,3
DA:56,3
DA:57,3
DA:58,3
DA:59,3
DA:60,3
DA:64,1
DA:66,3
DA:67,3
DA:68,3
DA:69,3
DA:70,3
DA:71,2
LF:17
LH:17
end_of_record
SF:lib/components/model/presentation_page.dart
DA:26,3
LF:1
LH:1
end_of_record
SF:lib/components/widgets/arrow/arrow.dart
DA:10,1
DA:22,1
DA:24,1
DA:25,2
DA:26,2
DA:27,1
DA:29,1
DA:30,2
LF:8
LH:8
end_of_record
SF:lib/components/widgets/arrow/curvy_arrow.dart
DA:27,1
DA:51,1
DA:52,1
DA:57,1
DA:58,1
DA:59,1
DA:60,5
DA:61,1
DA:62,2
DA:63,2
DA:64,2
DA:76,1
DA:87,1
DA:89,1
DA:90,1
DA:91,1
DA:92,1
DA:93,2
DA:95,2
DA:97,1
DA:98,3
DA:99,1
DA:100,1
DA:101,1
DA:102,3
DA:103,1
DA:104,3
DA:105,1
DA:108,1
DA:109,2
DA:112,2
DA:115,1
DA:117,3
DA:118,3
DA:119,3
LF:35
LH:35
end_of_record
SF:lib/components/widgets/layout/layout_body.dart
DA:13,1
DA:17,1
DA:25,1
DA:26,1
DA:27,1
DA:28,1
LF:6
LH:6
end_of_record
SF:lib/components/widgets/layout/layout_footer.dart
DA:13,1
DA:17,1
DA:25,1
DA:26,1
DA:27,1
DA:28,1
LF:6
LH:6
end_of_record
SF:lib/components/widgets/layout/layout_header.dart
DA:13,1
DA:17,1
DA:25,1
DA:26,1
DA:27,1
DA:28,1
LF:6
LH:6
end_of_record
SF:lib/components/widgets/list/list_text.dart
DA:25,1
DA:57,1
DA:58,1
DA:59,2
DA:60,1
DA:61,1
DA:62,1
DA:64,1
DA:65,1
DA:66,1
DA:67,1
DA:68,3
DA:69,1
DA:70,2
DA:71,1
DA:72,4
DA:73,3
DA:74,1
DA:75,1
DA:77,1
DA:79,1
DA:81,1
DA:82,2
DA:83,1
DA:84,4
DA:85,3
DA:86,1
DA:87,1
DA:94,1
DA:95,1
DA:96,1
DA:97,2
DA:98,1
DA:99,4
DA:100,3
DA:101,1
DA:102,1
LF:37
LH:37
end_of_record
SF:lib/components/widgets/presentation/fading_presentation.dart
DA:25,1
DA:57,1
DA:58,1
DA:59,1
DA:62,1
DA:63,1
DA:64,1
DA:67,1
DA:68,1
DA:69,1
DA:70,1
DA:71,1
DA:72,2
DA:76,4
LF:14
LH:14
end_of_record
SF:lib/components/widgets/presentation/page_builder_presentation.dart
DA:19,1
DA:31,1
DA:32,1
DA:34,2
DA:35,1
DA:36,4
LF:6
LH:6
end_of_record
SF:lib/components/widgets/presentation/scaling_presentation.dart
DA:25,1
DA:57,1
DA:58,1
DA:59,1
DA:62,1
DA:63,1
DA:64,1
DA:67,1
DA:68,1
DA:69,1
DA:70,1
DA:71,1
DA:72,2
DA:76,4
LF:14
LH:14
end_of_record
SF:lib/components/widgets/text/gradient_text.dart
DA:36,1
DA:100,1
DA:101,1
DA:103,3
DA:104,3
DA:106,1
DA:107,1
DA:108,1
DA:109,1
DA:110,1
DA:111,1
DA:112,1
DA:113,1
DA:114,1
DA:115,1
DA:116,1
DA:117,1
DA:118,1
DA:119,1
DA:120,1
LF:20
LH:20
end_of_record
SF:lib/components/widgets/wrapper/animatable_wrapper.dart
DA:19,1
DA:26,1
DA:43,1
DA:45,1
DA:46,1
DA:47,1
DA:49,1
DA:50,1
DA:51,1
DA:52,3
DA:53,1
DA:54,1
DA:56,1
DA:60,1
LF:14
LH:14
end_of_record
SF:lib/components/helper/format_code.dart
DA:10,2
DA:11,2
DA:14,2
DA:15,1
DA:16,2
LF:5
LH:5
end_of_record
SF:lib/components/widgets/wrapper/brightness_wrapper.dart
DA:19,1
DA:31,1
DA:32,3
DA:33,3
DA:37,1
DA:39,2
DA:40,1
DA:41,1
LF:8
LH:8
end_of_record
SF:lib/components/widgets/wrapper/code_display.dart
DA:31,1
DA:47,1
DA:99,1
DA:100,1
DA:104,1
DA:111,1
DA:113,1
DA:115,1
DA:119,1
DA:125,1
DA:126,1
DA:127,1
DA:129,1
DA:130,1
DA:131,1
DA:132,2
DA:134,1
DA:135,1
DA:136,1
DA:137,1
DA:138,1
DA:140,1
DA:143,4
DA:144,4
DA:146,4
DA:148,4
DA:150,4
DA:151,1
DA:152,1
DA:153,2
LF:30
LH:30
end_of_record
